==20672== drd, a thread error detector
==20672== Copyright (C) 2006-2020, and GNU GPL'd, by Bart Van Assche.
==20672== Using Valgrind-3.18.1 and LibVEX; rerun with -h for copyright info
==20672== Command: ./philo 4 800 200 200 4
==20672== Parent PID: 19826
==20672== 
==20672== Thread 4:
==20672== Conflicting store by thread 4 at 0x04ac13d0 size 1
==20672==    at 0x4874CB4: mempcpy (in /usr/libexec/valgrind/vgpreload_drd-amd64-linux.so)
==20672==    by 0x4920664: _IO_new_file_xsputn (fileops.c:1235)
==20672==    by 0x4920664: _IO_file_xsputn@@GLIBC_2.2.5 (fileops.c:1196)
==20672==    by 0x490ACA8: outstring_func (vfprintf-internal.c:239)
==20672==    by 0x490ACA8: __vfprintf_internal (vfprintf-internal.c:1516)
==20672==    by 0x48F579E: printf (printf.c:33)
==20672==    by 0x1098D4: atomic_eating (utils.c:36)
==20672==    by 0x10A44F: is_eating (routine.c:51)
==20672==    by 0x10A57B: eating (routine.c:90)
==20672==    by 0x109FB1: routine (start_sim.c:46)
==20672==    by 0x485437A: ??? (in /usr/libexec/valgrind/vgpreload_drd-amd64-linux.so)
==20672==    by 0x4929AC2: start_thread (pthread_create.c:442)
==20672==    by 0x49BAA03: clone (clone.S:100)
==20672== Address 0x4ac13d0 is at offset 0 from 0x4ac13d0. Allocation context:
==20672==    at 0x484DBD9: malloc (in /usr/libexec/valgrind/vgpreload_drd-amd64-linux.so)
==20672==    by 0x4913BA3: _IO_file_doallocate (filedoalloc.c:101)
==20672==    by 0x4922CDF: _IO_doallocbuf (genops.c:347)
==20672==    by 0x4921F5F: _IO_file_overflow@@GLIBC_2.2.5 (fileops.c:744)
==20672==    by 0x49206D4: _IO_new_file_xsputn (fileops.c:1243)
==20672==    by 0x49206D4: _IO_file_xsputn@@GLIBC_2.2.5 (fileops.c:1196)
==20672==    by 0x490ACA8: outstring_func (vfprintf-internal.c:239)
==20672==    by 0x490ACA8: __vfprintf_internal (vfprintf-internal.c:1516)
==20672==    by 0x48F579E: printf (printf.c:33)
==20672==    by 0x1098D4: atomic_eating (utils.c:36)
==20672==    by 0x10A44F: is_eating (routine.c:51)
==20672==    by 0x10A57B: eating (routine.c:90)
==20672==    by 0x109FB1: routine (start_sim.c:46)
==20672==    by 0x485437A: ??? (in /usr/libexec/valgrind/vgpreload_drd-amd64-linux.so)
==20672== Other segment start (thread 2)
==20672==    at 0x485D9B8: pthread_mutex_unlock@* (in /usr/libexec/valgrind/vgpreload_drd-amd64-linux.so)
==20672==    by 0x109F43: stop_sim (start_sim.c:31)
==20672==    by 0x10989B: atomic_eating (utils.c:35)
==20672==    by 0x10A4BB: is_eating (routine.c:68)
==20672==    by 0x10A57B: eating (routine.c:90)
==20672==    by 0x109FB1: routine (start_sim.c:46)
==20672==    by 0x485437A: ??? (in /usr/libexec/valgrind/vgpreload_drd-amd64-linux.so)
==20672==    by 0x4929AC2: start_thread (pthread_create.c:442)
==20672==    by 0x49BAA03: clone (clone.S:100)
==20672== Other segment end (thread 2)
==20672==    at 0x497A7F8: clock_nanosleep@@GLIBC_2.17 (clock_nanosleep.c:78)
==20672==    by 0x497F676: nanosleep (nanosleep.c:25)
==20672==    by 0x49B0F2E: usleep (usleep.c:31)
==20672==    by 0x10A4C7: is_eating (routine.c:70)
==20672==    by 0x10A57B: eating (routine.c:90)
==20672==    by 0x109FB1: routine (start_sim.c:46)
==20672==    by 0x485437A: ??? (in /usr/libexec/valgrind/vgpreload_drd-amd64-linux.so)
==20672==    by 0x4929AC2: start_thread (pthread_create.c:442)
==20672==    by 0x49BAA03: clone (clone.S:100)
==20672== 
==20672== Conflicting store by thread 4 at 0x04ac13d1 size 1
==20672==    at 0x4874C96: mempcpy (in /usr/libexec/valgrind/vgpreload_drd-amd64-linux.so)
==20672==    by 0x4920664: _IO_new_file_xsputn (fileops.c:1235)
==20672==    by 0x4920664: _IO_file_xsputn@@GLIBC_2.2.5 (fileops.c:1196)
==20672==    by 0x490AFC9: outstring_func (vfprintf-internal.c:239)
==20672==    by 0x490AFC9: __vfprintf_internal (vfprintf-internal.c:1593)
==20672==    by 0x48F579E: printf (printf.c:33)
==20672==    by 0x1098D4: atomic_eating (utils.c:36)
==20672==    by 0x10A44F: is_eating (routine.c:51)
==20672==    by 0x10A57B: eating (routine.c:90)
==20672==    by 0x109FB1: routine (start_sim.c:46)
==20672==    by 0x485437A: ??? (in /usr/libexec/valgrind/vgpreload_drd-amd64-linux.so)
==20672==    by 0x4929AC2: start_thread (pthread_create.c:442)
==20672==    by 0x49BAA03: clone (clone.S:100)
==20672== Address 0x4ac13d1 is at offset 1 from 0x4ac13d0. Allocation context:
==20672==    at 0x484DBD9: malloc (in /usr/libexec/valgrind/vgpreload_drd-amd64-linux.so)
==20672==    by 0x4913BA3: _IO_file_doallocate (filedoalloc.c:101)
==20672==    by 0x4922CDF: _IO_doallocbuf (genops.c:347)
==20672==    by 0x4921F5F: _IO_file_overflow@@GLIBC_2.2.5 (fileops.c:744)
==20672==    by 0x49206D4: _IO_new_file_xsputn (fileops.c:1243)
==20672==    by 0x49206D4: _IO_file_xsputn@@GLIBC_2.2.5 (fileops.c:1196)
==20672==    by 0x490ACA8: outstring_func (vfprintf-internal.c:239)
==20672==    by 0x490ACA8: __vfprintf_internal (vfprintf-internal.c:1516)
==20672==    by 0x48F579E: printf (printf.c:33)
==20672==    by 0x1098D4: atomic_eating (utils.c:36)
==20672==    by 0x10A44F: is_eating (routine.c:51)
==20672==    by 0x10A57B: eating (routine.c:90)
==20672==    by 0x109FB1: routine (start_sim.c:46)
==20672==    by 0x485437A: ??? (in /usr/libexec/valgrind/vgpreload_drd-amd64-linux.so)
==20672== Other segment start (thread 2)
==20672==    at 0x485D9B8: pthread_mutex_unlock@* (in /usr/libexec/valgrind/vgpreload_drd-amd64-linux.so)
==20672==    by 0x109F43: stop_sim (start_sim.c:31)
==20672==    by 0x10989B: atomic_eating (utils.c:35)
==20672==    by 0x10A4BB: is_eating (routine.c:68)
==20672==    by 0x10A57B: eating (routine.c:90)
==20672==    by 0x109FB1: routine (start_sim.c:46)
==20672==    by 0x485437A: ??? (in /usr/libexec/valgrind/vgpreload_drd-amd64-linux.so)
==20672==    by 0x4929AC2: start_thread (pthread_create.c:442)
==20672==    by 0x49BAA03: clone (clone.S:100)
==20672== Other segment end (thread 2)
==20672==    at 0x497A7F8: clock_nanosleep@@GLIBC_2.17 (clock_nanosleep.c:78)
==20672==    by 0x497F676: nanosleep (nanosleep.c:25)
==20672==    by 0x49B0F2E: usleep (usleep.c:31)
==20672==    by 0x10A4C7: is_eating (routine.c:70)
==20672==    by 0x10A57B: eating (routine.c:90)
==20672==    by 0x109FB1: routine (start_sim.c:46)
==20672==    by 0x485437A: ??? (in /usr/libexec/valgrind/vgpreload_drd-amd64-linux.so)
==20672==    by 0x4929AC2: start_thread (pthread_create.c:442)
==20672==    by 0x49BAA03: clone (clone.S:100)
==20672== 
==20672== Conflicting store by thread 4 at 0x04ac13dd size 1
==20672==    at 0x4874C96: mempcpy (in /usr/libexec/valgrind/vgpreload_drd-amd64-linux.so)
==20672==    by 0x4920664: _IO_new_file_xsputn (fileops.c:1235)
==20672==    by 0x4920664: _IO_file_xsputn@@GLIBC_2.2.5 (fileops.c:1196)
==20672==    by 0x490C00B: outstring_func (vfprintf-internal.c:239)
==20672==    by 0x490C00B: __vfprintf_internal (vfprintf-internal.c:1517)
==20672==    by 0x48F579E: printf (printf.c:33)
==20672==    by 0x1098D4: atomic_eating (utils.c:36)
==20672==    by 0x10A44F: is_eating (routine.c:51)
==20672==    by 0x10A57B: eating (routine.c:90)
==20672==    by 0x109FB1: routine (start_sim.c:46)
==20672==    by 0x485437A: ??? (in /usr/libexec/valgrind/vgpreload_drd-amd64-linux.so)
==20672==    by 0x4929AC2: start_thread (pthread_create.c:442)
==20672==    by 0x49BAA03: clone (clone.S:100)
==20672== Address 0x4ac13dd is at offset 13 from 0x4ac13d0. Allocation context:
==20672==    at 0x484DBD9: malloc (in /usr/libexec/valgrind/vgpreload_drd-amd64-linux.so)
==20672==    by 0x4913BA3: _IO_file_doallocate (filedoalloc.c:101)
==20672==    by 0x4922CDF: _IO_doallocbuf (genops.c:347)
==20672==    by 0x4921F5F: _IO_file_overflow@@GLIBC_2.2.5 (fileops.c:744)
==20672==    by 0x49206D4: _IO_new_file_xsputn (fileops.c:1243)
==20672==    by 0x49206D4: _IO_file_xsputn@@GLIBC_2.2.5 (fileops.c:1196)
==20672==    by 0x490ACA8: outstring_func (vfprintf-internal.c:239)
==20672==    by 0x490ACA8: __vfprintf_internal (vfprintf-internal.c:1516)
==20672==    by 0x48F579E: printf (printf.c:33)
==20672==    by 0x1098D4: atomic_eating (utils.c:36)
==20672==    by 0x10A44F: is_eating (routine.c:51)
==20672==    by 0x10A57B: eating (routine.c:90)
==20672==    by 0x109FB1: routine (start_sim.c:46)
==20672==    by 0x485437A: ??? (in /usr/libexec/valgrind/vgpreload_drd-amd64-linux.so)
==20672== Other segment start (thread 2)
==20672==    at 0x485D9B8: pthread_mutex_unlock@* (in /usr/libexec/valgrind/vgpreload_drd-amd64-linux.so)
==20672==    by 0x109F43: stop_sim (start_sim.c:31)
==20672==    by 0x10989B: atomic_eating (utils.c:35)
==20672==    by 0x10A4BB: is_eating (routine.c:68)
==20672==    by 0x10A57B: eating (routine.c:90)
==20672==    by 0x109FB1: routine (start_sim.c:46)
==20672==    by 0x485437A: ??? (in /usr/libexec/valgrind/vgpreload_drd-amd64-linux.so)
==20672==    by 0x4929AC2: start_thread (pthread_create.c:442)
==20672==    by 0x49BAA03: clone (clone.S:100)
==20672== Other segment end (thread 2)
==20672==    at 0x497A7F8: clock_nanosleep@@GLIBC_2.17 (clock_nanosleep.c:78)
==20672==    by 0x497F676: nanosleep (nanosleep.c:25)
==20672==    by 0x49B0F2E: usleep (usleep.c:31)
==20672==    by 0x10A4C7: is_eating (routine.c:70)
==20672==    by 0x10A57B: eating (routine.c:90)
==20672==    by 0x109FB1: routine (start_sim.c:46)
==20672==    by 0x485437A: ??? (in /usr/libexec/valgrind/vgpreload_drd-amd64-linux.so)
==20672==    by 0x4929AC2: start_thread (pthread_create.c:442)
==20672==    by 0x49BAA03: clone (clone.S:100)
==20672== 
==20672== 
==20672== For lists of detected and suppressed errors, rerun with: -s
==20672== ERROR SUMMARY: 1207 errors from 3 contexts (suppressed: 2241 from 77)
